<?xml version="1.0" encoding="UTF-8"?>
<!-- Generated by org.testng.reporters.JUnitXMLReporter -->
<testsuite ignored="4" hostname="SagarYenkar" failures="0" tests="1" name="Default test" time="4.118" errors="0" timestamp="2024-09-21T00:40:19 IST">
  <testcase classname="GitHubAPI.AuthorizationAPITesting" name="testUpdateUserBioWithValidToken" time="3.914"/>
  <testcase classname="GitHubAPI.AuthorizationAPITesting" name="testNoTokenProvided" time="0.0">
    <ignored/>
  </testcase> <!-- testNoTokenProvided -->
  <testcase classname="GitHubAPI.AuthorizationAPITesting" name="testGetUserWithValidToken" time="0.0">
    <ignored/>
  </testcase> <!-- testGetUserWithValidToken -->
  <testcase classname="GitHubAPI.AuthorizationAPITesting" name="testInvalidTokenProvided" time="0.0">
    <ignored/>
  </testcase> <!-- testInvalidTokenProvided -->
  <testcase classname="GitHubAPI.AuthorizationAPITesting" name="testTokenWithoutNecessaryPermissions" time="0.0">
    <ignored/>
  </testcase> <!-- testTokenWithoutNecessaryPermissions -->
</testsuite> <!-- Default test -->
