<?xml version="1.0" encoding="UTF-8"?>
<!-- Generated by org.testng.reporters.JUnitXMLReporter -->
<testsuite ignored="0" hostname="SagarYenkar" failures="0" tests="5" name="API Tests" time="5.848" errors="0" timestamp="2024-09-21T00:41:42 IST">
  <testcase classname="GitHubAPI.AuthorizationAPITesting" name="testGetUserWithValidToken" time="3.754"/>
  <testcase classname="GitHubAPI.AuthorizationAPITesting" name="testInvalidTokenProvided" time="0.429"/>
  <testcase classname="GitHubAPI.AuthorizationAPITesting" name="testNoTokenProvided" time="0.427"/>
  <testcase classname="GitHubAPI.AuthorizationAPITesting" name="testTokenWithoutNecessaryPermissions" time="0.517"/>
  <testcase classname="GitHubAPI.AuthorizationAPITesting" name="testUpdateUserBioWithValidToken" time="0.482"/>
</testsuite> <!-- API Tests -->
