<?xml version="1.0" encoding="UTF-8"?>
<!-- Generated by org.testng.reporters.JUnitXMLReporter -->
<testsuite ignored="0" hostname="SagarYenkar" failures="0" tests="4" name="API Tests" time="6.511" errors="0" timestamp="2024-09-21T00:09:18 IST">
  <testcase classname="GitHubAPI.AuthorizationAPITesting" name="testGetUserWithValidToken" time="4.146"/>
  <testcase classname="GitHubAPI.AuthorizationAPITesting" name="testInvalidTokenProvided" time="0.734"/>
  <testcase classname="GitHubAPI.AuthorizationAPITesting" name="testNoTokenProvided" time="0.803"/>
  <testcase classname="GitHubAPI.AuthorizationAPITesting" name="testTokenWithoutNecessaryPermissions" time="0.593"/>
</testsuite> <!-- API Tests -->
