<?xml version="1.0" encoding="UTF-8"?>
<testsuite xmlns:xsi="http://www.w3.org/2001/XMLSchema-instance" xsi:noNamespaceSchemaLocation="https://maven.apache.org/surefire/maven-surefire-plugin/xsd/surefire-test-report.xsd" name="TestSuite" time="7.313" tests="5" errors="0" skipped="0" failures="0">
  <properties>
[...]
</properties>
  <testcase name="testGetUserWithValidToken" classname="GitHubAPI.AuthorizationAPITesting" time="3.899"/>
  <testcase name="testInvalidTokenProvided" classname="GitHubAPI.AuthorizationAPITesting" time="0.434"/>
  <testcase name="testNoTokenProvided" classname="GitHubAPI.AuthorizationAPITesting" time="0.429"/>
  <testcase name="testTokenWithoutNecessaryPermissions" classname="GitHubAPI.AuthorizationAPITesting" time="0.52"/>
  <testcase name="testUpdateUserBioWithValidToken" classname="GitHubAPI.AuthorizationAPITesting" time="0.486"/>
</testsuite>